<?xml version="1.0" encoding="UTF-8"?>
<testsuite xmlns:xsi="http://www.w3.org/2001/XMLSchema-instance" xsi:noNamespaceSchemaLocation="https://maven.apache.org/surefire/maven-surefire-plugin/xsd/surefire-test-report-3.0.xsd" version="3.0" name="test.LibraryControllerTest" time="0.367" tests="5" errors="0" skipped="0" failures="0">
  <properties>
[...]
</properties>
  <testcase name="testAddBook" classname="test.LibraryControllerTest" time="0.326"/>
  <testcase name="testReturnBookSuccess" classname="test.LibraryControllerTest" time="0.002">
    <system-out><![CDATA[Book returned successfully
]]></system-out>
  </testcase>
  <testcase name="testReturnBookFailure" classname="test.LibraryControllerTest" time="0.001">
    <system-out><![CDATA[Failed to return the book. No copies issued.
]]></system-out>
  </testcase>
  <testcase name="testIssueBookSuccess" classname="test.LibraryControllerTest" time="0">
    <system-out><![CDATA[Book issued successfully
]]></system-out>
  </testcase>
  <testcase name="testIssueBookFailure" classname="test.LibraryControllerTest" time="0.001">
    <system-out><![CDATA[Failed to issue the book. Insufficient quantity.
]]></system-out>
  </testcase>
</testsuite>